State 0:
          javabegin ::= * javaclass
          javaclass ::= * javaclass CLASS ID javasinherit LD classitems RD
      (2) javaclass ::= *

                     javabegin accept
                     javaclass shift        21     
                     {default} reduce       2      javaclass ::=

State 1:
          opcal ::= * opcal INTEGER PLUS|MULTI|DIVIDE|MINUS
      (8) opcal ::= *
          sentence ::= * opcal INTEGER
          callexpr ::= * ID DOT ID LP callparameterlist RP SEMI
          declarevar ::= * INT|STRING declarevaritems ID SEMI
          functionbody ::= LD funcbodyitems * RD
          funcbodyitems ::= funcbodyitems * declarevar
          funcbodyitems ::= funcbodyitems * assign
          funcbodyitems ::= funcbodyitems * callexpr
          funcbodyitems ::= funcbodyitems * returnval
          funcbodyitems ::= funcbodyitems * sentence
          assign ::= * leftval EQ rightval
          leftval ::= * THIS DOT ID
          leftval ::= * ID
          leftval ::= * ID DOT ID
          returnval ::= * RETURN rightval SEMI
          returnval ::= * RETURN SEMI

                            ID shift        37     
                            RD shift-reduce 25     functionbody ::= LD funcbodyitems RD
                           INT shift        14     
                        STRING shift        14     
                          THIS shift        26     
                        RETURN shift        6      
                         opcal shift        38     
                      sentence shift-reduce 30     funcbodyitems ::= funcbodyitems sentence
                      callexpr shift-reduce 28     funcbodyitems ::= funcbodyitems callexpr
                    declarevar shift-reduce 26     funcbodyitems ::= funcbodyitems declarevar
                        assign shift-reduce 27     funcbodyitems ::= funcbodyitems assign
                     returnval shift-reduce 29     funcbodyitems ::= funcbodyitems returnval
                       leftval shift        32     
                     {default} reduce       8      opcal ::=

State 2:
          javaclass ::= javaclass CLASS ID javasinherit LD classitems * RD
          declarevar ::= * INT|STRING declarevaritems ID SEMI
          function ::= * PUBLIC|PROTECTED|PRIVATE INT|STRING|VOID ID LP parameterlist RP functionbody
          classitems ::= classitems * declarevar
          classitems ::= classitems * function

                            RD shift-reduce 1      javaclass ::= javaclass CLASS ID javasinherit LD classitems RD
                           INT shift        14     
                        STRING shift        14     
                        PUBLIC shift        19     
                     PROTECTED shift        19     
                       PRIVATE shift        19     
                    declarevar shift-reduce 47     classitems ::= classitems declarevar
                      function shift-reduce 48     classitems ::= classitems function

State 3:
          callparameterlist ::= * callidist expr
     (12) callparameterlist ::= *
          callidist ::= * callidist INTEGER COMMA
          callidist ::= * callidist TEXT COMMA
          callidist ::= * callidist ID DOT ID COMMA
     (16) callidist ::= *
          rightval ::= NEW ID LP * callparameterlist RP

                            RP reduce       12     callparameterlist ::=
             callparameterlist shift        27     
                     callidist shift        9      
                     {default} reduce       16     callidist ::=

State 4:
          callexpr ::= ID DOT ID LP * callparameterlist RP SEMI
          callparameterlist ::= * callidist expr
     (12) callparameterlist ::= *
          callidist ::= * callidist INTEGER COMMA
          callidist ::= * callidist TEXT COMMA
          callidist ::= * callidist ID DOT ID COMMA
     (16) callidist ::= *

                            RP reduce       12     callparameterlist ::=
             callparameterlist shift        34     
                     callidist shift        9      
                     {default} reduce       16     callidist ::=

State 5:
          callparameterlist ::= * callidist expr
     (12) callparameterlist ::= *
          callidist ::= * callidist INTEGER COMMA
          callidist ::= * callidist TEXT COMMA
          callidist ::= * callidist ID DOT ID COMMA
     (16) callidist ::= *
          declarevaritems ::= declarevaritems ID EQ NEW ID LP * callparameterlist RP COMMA

                            RP reduce       12     callparameterlist ::=
             callparameterlist shift        42     
                     callidist shift        9      
                     {default} reduce       16     callidist ::=

State 6:
          rightval ::= * ID
          rightval ::= * THIS DOT ID
          rightval ::= * NEW ID LP callparameterlist RP
          rightval ::= * INTEGER
          rightval ::= * STRING
          returnval ::= RETURN * rightval SEMI
          returnval ::= RETURN * SEMI

                            ID shift-reduce 36     rightval ::= ID
                       INTEGER shift-reduce 39     rightval ::= INTEGER
                          SEMI shift-reduce 42     returnval ::= RETURN SEMI
                        STRING shift-reduce 40     rightval ::= STRING
                           NEW shift        29     
                          THIS shift        31     
                      rightval shift        24     

State 7:
          assign ::= leftval EQ * rightval
          rightval ::= * ID
          rightval ::= * THIS DOT ID
          rightval ::= * NEW ID LP callparameterlist RP
          rightval ::= * INTEGER
          rightval ::= * STRING

                            ID shift-reduce 36     rightval ::= ID
                       INTEGER shift-reduce 39     rightval ::= INTEGER
                        STRING shift-reduce 40     rightval ::= STRING
                           NEW shift        29     
                          THIS shift        31     
                      rightval shift-reduce 32     assign ::= leftval EQ rightval

State 8:
          expr ::= * LP expr RP
          expr ::= LP * expr RP
          expr ::= * TEXT
          expr ::= * INTEGER
          expr ::= * ID DOT ID

                            ID shift        49     
                            LP shift        8      
                          TEXT shift-reduce 4      expr ::= TEXT
                       INTEGER shift-reduce 5      expr ::= INTEGER
                          expr shift        50     

State 9:
          expr ::= * LP expr RP
          expr ::= * TEXT
          expr ::= * INTEGER
          expr ::= * ID DOT ID
          callparameterlist ::= callidist * expr
          callidist ::= callidist * INTEGER COMMA
          callidist ::= callidist * TEXT COMMA
          callidist ::= callidist * ID DOT ID COMMA

                            ID shift        45     
                            LP shift        8      
                          TEXT shift        47     
                       INTEGER shift        46     
                          expr shift-reduce 11     callparameterlist ::= callidist expr

State 10:
          function ::= PUBLIC|PROTECTED|PRIVATE INT|STRING|VOID ID LP parameterlist RP * functionbody
          functionbody ::= * LD funcbodyitems RD

                            LD shift        12     
                  functionbody shift-reduce 24     function ::= PUBLIC|PROTECTED|PRIVATE INT|STRING|VOID ID LP parameterlist RP functionbody

State 11:
          javaclass ::= javaclass CLASS ID * javasinherit LD classitems RD
          javasinherit ::= * EXTENDS ID
     (46) javasinherit ::= *

                       EXTENDS shift        22     
                  javasinherit shift        57     
                     {default} reduce       46     javasinherit ::=

State 12:
          functionbody ::= LD * funcbodyitems RD
          funcbodyitems ::= * funcbodyitems declarevar
          funcbodyitems ::= * funcbodyitems assign
          funcbodyitems ::= * funcbodyitems callexpr
          funcbodyitems ::= * funcbodyitems returnval
          funcbodyitems ::= * funcbodyitems sentence
     (31) funcbodyitems ::= *

                 funcbodyitems shift        1      
                     {default} reduce       31     funcbodyitems ::=

State 13:
          function ::= PUBLIC|PROTECTED|PRIVATE INT|STRING|VOID ID LP * parameterlist RP functionbody
          parameterlist ::= * parameterlist INT|STRING ID
     (44) parameterlist ::= *

                 parameterlist shift        18     
                     {default} reduce       44     parameterlist ::=

State 14:
          declarevar ::= INT|STRING * declarevaritems ID SEMI
          declarevaritems ::= * declarevaritems ID COMMA
          declarevaritems ::= * declarevaritems ID EQ INTEGER COMMA
          declarevaritems ::= * declarevaritems ID EQ ID COMMA
          declarevaritems ::= * declarevaritems ID EQ TEXT COMMA
          declarevaritems ::= * declarevaritems ID EQ NEW ID LP callparameterlist RP COMMA
     (23) declarevaritems ::= *

               declarevaritems shift        56     
                     {default} reduce       23     declarevaritems ::=

State 15:
          javaclass ::= javaclass CLASS ID javasinherit LD * classitems RD
          classitems ::= * classitems declarevar
          classitems ::= * classitems function
     (49) classitems ::= *

                    classitems shift        2      
                     {default} reduce       49     classitems ::=

State 16:
          opcal ::= opcal INTEGER * PLUS|MULTI|DIVIDE|MINUS
      (9) sentence ::= opcal INTEGER *

                          PLUS shift-reduce 7      opcal ::= opcal INTEGER PLUS|MULTI|DIVIDE|MINUS
                         MULTI shift-reduce 7      opcal ::= opcal INTEGER PLUS|MULTI|DIVIDE|MINUS
                        DIVIDE shift-reduce 7      opcal ::= opcal INTEGER PLUS|MULTI|DIVIDE|MINUS
                         MINUS shift-reduce 7      opcal ::= opcal INTEGER PLUS|MULTI|DIVIDE|MINUS
                     {default} reduce       9      sentence ::= opcal INTEGER

State 17:
          declarevaritems ::= declarevaritems ID EQ * INTEGER COMMA
          declarevaritems ::= declarevaritems ID EQ * ID COMMA
          declarevaritems ::= declarevaritems ID EQ * TEXT COMMA
          declarevaritems ::= declarevaritems ID EQ * NEW ID LP callparameterlist RP COMMA

                            ID shift        54     
                          TEXT shift        53     
                       INTEGER shift        55     
                           NEW shift        52     

State 18:
          function ::= PUBLIC|PROTECTED|PRIVATE INT|STRING|VOID ID LP parameterlist * RP functionbody
          parameterlist ::= parameterlist * INT|STRING ID

                            RP shift        10     
                           INT shift        23     
                        STRING shift        23     

State 19:
          function ::= PUBLIC|PROTECTED|PRIVATE * INT|STRING|VOID ID LP parameterlist RP functionbody

                           INT shift        40     
                        STRING shift        40     
                          VOID shift        40     

State 20:
          declarevar ::= INT|STRING declarevaritems ID * SEMI
          declarevaritems ::= declarevaritems ID * COMMA
          declarevaritems ::= declarevaritems ID * EQ INTEGER COMMA
          declarevaritems ::= declarevaritems ID * EQ ID COMMA
          declarevaritems ::= declarevaritems ID * EQ TEXT COMMA
          declarevaritems ::= declarevaritems ID * EQ NEW ID LP callparameterlist RP COMMA

                          SEMI shift-reduce 17     declarevar ::= INT|STRING declarevaritems ID SEMI
                         COMMA shift-reduce 18     declarevaritems ::= declarevaritems ID COMMA
                            EQ shift        17     

State 21:
      (0) javabegin ::= javaclass *
          javaclass ::= javaclass * CLASS ID javasinherit LD classitems RD

                             $ reduce       0      javabegin ::= javaclass
                         CLASS shift        58     

State 22:
          javasinherit ::= EXTENDS * ID

                            ID shift-reduce 45     javasinherit ::= EXTENDS ID

State 23:
          parameterlist ::= parameterlist INT|STRING * ID

                            ID shift-reduce 43     parameterlist ::= parameterlist INT|STRING ID

State 24:
          returnval ::= RETURN rightval * SEMI

                          SEMI shift-reduce 41     returnval ::= RETURN rightval SEMI

State 25:
          leftval ::= THIS DOT * ID

                            ID shift-reduce 33     leftval ::= THIS DOT ID

State 26:
          leftval ::= THIS * DOT ID

                           DOT shift        25     

State 27:
          rightval ::= NEW ID LP callparameterlist * RP

                            RP shift-reduce 38     rightval ::= NEW ID LP callparameterlist RP

State 28:
          rightval ::= NEW ID * LP callparameterlist RP

                            LP shift        3      

State 29:
          rightval ::= NEW * ID LP callparameterlist RP

                            ID shift        28     

State 30:
          rightval ::= THIS DOT * ID

                            ID shift-reduce 37     rightval ::= THIS DOT ID

State 31:
          rightval ::= THIS * DOT ID

                           DOT shift        30     

State 32:
          assign ::= leftval * EQ rightval

                            EQ shift        7      

State 33:
          callexpr ::= ID DOT ID LP callparameterlist RP * SEMI

                          SEMI shift-reduce 10     callexpr ::= ID DOT ID LP callparameterlist RP SEMI

State 34:
          callexpr ::= ID DOT ID LP callparameterlist * RP SEMI

                            RP shift        33     

State 35:
          callexpr ::= ID DOT ID * LP callparameterlist RP SEMI
     (35) leftval ::= ID DOT ID *

                            LP shift        4      
                     {default} reduce       35     leftval ::= ID DOT ID

State 36:
          callexpr ::= ID DOT * ID LP callparameterlist RP SEMI
          leftval ::= ID DOT * ID

                            ID shift        35     

State 37:
          callexpr ::= ID * DOT ID LP callparameterlist RP SEMI
     (34) leftval ::= ID *
          leftval ::= ID * DOT ID

                           DOT shift        36     
                     {default} reduce       34     leftval ::= ID

State 38:
          opcal ::= opcal * INTEGER PLUS|MULTI|DIVIDE|MINUS
          sentence ::= opcal * INTEGER

                       INTEGER shift        16     

State 39:
          function ::= PUBLIC|PROTECTED|PRIVATE INT|STRING|VOID ID * LP parameterlist RP functionbody

                            LP shift        13     

State 40:
          function ::= PUBLIC|PROTECTED|PRIVATE INT|STRING|VOID * ID LP parameterlist RP functionbody

                            ID shift        39     

State 41:
          declarevaritems ::= declarevaritems ID EQ NEW ID LP callparameterlist RP * COMMA

                         COMMA shift-reduce 22     declarevaritems ::= declarevaritems ID EQ NEW ID LP callparameterlist RP COMMA

State 42:
          declarevaritems ::= declarevaritems ID EQ NEW ID LP callparameterlist * RP COMMA

                            RP shift        41     

State 43:
      (6) expr ::= ID DOT ID *
          callidist ::= callidist ID DOT ID * COMMA

                         COMMA shift-reduce 15     callidist ::= callidist ID DOT ID COMMA
                     {default} reduce       6      expr ::= ID DOT ID

State 44:
          expr ::= ID DOT * ID
          callidist ::= callidist ID DOT * ID COMMA

                            ID shift        43     

State 45:
          expr ::= ID * DOT ID
          callidist ::= callidist ID * DOT ID COMMA

                           DOT shift        44     

State 46:
      (5) expr ::= INTEGER *
          callidist ::= callidist INTEGER * COMMA

                         COMMA shift-reduce 13     callidist ::= callidist INTEGER COMMA
                     {default} reduce       5      expr ::= INTEGER

State 47:
      (4) expr ::= TEXT *
          callidist ::= callidist TEXT * COMMA

                         COMMA shift-reduce 14     callidist ::= callidist TEXT COMMA
                     {default} reduce       4      expr ::= TEXT

State 48:
          expr ::= ID DOT * ID

                            ID shift-reduce 6      expr ::= ID DOT ID

State 49:
          expr ::= ID * DOT ID

                           DOT shift        48     

State 50:
          expr ::= LP expr * RP

                            RP shift-reduce 3      expr ::= LP expr RP

State 51:
          declarevaritems ::= declarevaritems ID EQ NEW ID * LP callparameterlist RP COMMA

                            LP shift        5      

State 52:
          declarevaritems ::= declarevaritems ID EQ NEW * ID LP callparameterlist RP COMMA

                            ID shift        51     

State 53:
          declarevaritems ::= declarevaritems ID EQ TEXT * COMMA

                         COMMA shift-reduce 21     declarevaritems ::= declarevaritems ID EQ TEXT COMMA

State 54:
          declarevaritems ::= declarevaritems ID EQ ID * COMMA

                         COMMA shift-reduce 20     declarevaritems ::= declarevaritems ID EQ ID COMMA

State 55:
          declarevaritems ::= declarevaritems ID EQ INTEGER * COMMA

                         COMMA shift-reduce 19     declarevaritems ::= declarevaritems ID EQ INTEGER COMMA

State 56:
          declarevar ::= INT|STRING declarevaritems * ID SEMI
          declarevaritems ::= declarevaritems * ID COMMA
          declarevaritems ::= declarevaritems * ID EQ INTEGER COMMA
          declarevaritems ::= declarevaritems * ID EQ ID COMMA
          declarevaritems ::= declarevaritems * ID EQ TEXT COMMA
          declarevaritems ::= declarevaritems * ID EQ NEW ID LP callparameterlist RP COMMA

                            ID shift        20     

State 57:
          javaclass ::= javaclass CLASS ID javasinherit * LD classitems RD

                            LD shift        15     

State 58:
          javaclass ::= javaclass CLASS * ID javasinherit LD classitems RD

                            ID shift        11     

----------------------------------------------------
Symbols:
    0: $:
    1: CLASS
    2: ID
    3: LD
    4: RD
    5: LP
    6: RP
    7: TEXT
    8: INTEGER
    9: DOT
   10: PLUS
   11: MULTI
   12: DIVIDE
   13: MINUS
   14: SEMI
   15: COMMA
   16: INT
   17: STRING
   18: EQ
   19: NEW
   20: PUBLIC
   21: PROTECTED
   22: PRIVATE
   23: VOID
   24: THIS
   25: RETURN
   26: EXTENDS
   27: error:
   28: javabegin: <lambda> CLASS
   29: javaclass: <lambda> CLASS
   30: javasinherit: <lambda> EXTENDS
   31: classitems: <lambda> INT STRING PUBLIC PROTECTED PRIVATE
   32: expr: ID LP TEXT INTEGER
   33: opcal: <lambda> INTEGER
   34: sentence: INTEGER
   35: callexpr: ID
   36: callparameterlist: <lambda> ID LP TEXT INTEGER
   37: callidist: <lambda> ID TEXT INTEGER
   38: declarevar: INT STRING
   39: declarevaritems: <lambda> ID
   40: function: PUBLIC PROTECTED PRIVATE
   41: parameterlist: <lambda> INT STRING
   42: functionbody: LD
   43: funcbodyitems: <lambda> ID INTEGER INT STRING THIS RETURN
   44: assign: ID THIS
   45: returnval: RETURN
   46: leftval: ID THIS
   47: rightval: ID INTEGER STRING NEW THIS
