State 0:
          javabegin ::= * javaclass
          javaclass ::= * javaclass CLASS ID javasinherit LD classitems RD
      (2) javaclass ::= *

                     javabegin accept
                     javaclass shift        19     
                     {default} reduce       2      javaclass ::=

State 1:
          callexpr ::= * callNoSemi SEMI
          callNoSemi ::= * ID DOT ID LP callparameterlist RP
          callexpr ::= * ID LP callparameterlist RP SEMI
          declarevar ::= * INT|STRING declarevaritems ID SEMI
          functionbody ::= LD funcbodyitems * RD
          funcbodyitems ::= funcbodyitems * declarevar
          funcbodyitems ::= funcbodyitems * assign
          funcbodyitems ::= funcbodyitems * callexpr
          funcbodyitems ::= funcbodyitems * returnval
          assign ::= * leftval EQ rightval SEMI
          leftval ::= * ID ID
          leftval ::= * THIS DOT ID
          leftval ::= * ID
          leftval ::= * ID DOT ID
          returnval ::= * RETURN rightval SEMI
          returnval ::= * RETURN SEMI

                            ID shift        15     
                            RD shift-reduce 23     functionbody ::= LD funcbodyitems RD
                           INT shift        12     
                        STRING shift        12     
                          THIS shift        24     
                        RETURN shift        2      
                      callexpr shift-reduce 26     funcbodyitems ::= funcbodyitems callexpr
                    callNoSemi shift        45     
                    declarevar shift-reduce 24     funcbodyitems ::= funcbodyitems declarevar
                        assign shift-reduce 25     funcbodyitems ::= funcbodyitems assign
                     returnval shift-reduce 27     funcbodyitems ::= funcbodyitems returnval
                       leftval shift        34     

State 2:
          callNoSemi ::= * ID DOT ID LP callparameterlist RP
          rightval ::= * ID
          rightval ::= * THIS DOT ID
          rightval ::= * callNoSemi
          rightval ::= * NEW ID LP RP
          rightval ::= * INTEGER
          rightval ::= * TEXT
          returnval ::= RETURN * rightval SEMI
          returnval ::= RETURN * SEMI

                            ID shift        33     
                          TEXT shift-reduce 39     rightval ::= TEXT
                       INTEGER shift-reduce 38     rightval ::= INTEGER
                          SEMI shift-reduce 41     returnval ::= RETURN SEMI
                          THIS shift        29     
                           NEW shift        27     
                    callNoSemi shift-reduce 36     rightval ::= callNoSemi
                      rightval shift        22     

State 3:
          javaclass ::= javaclass CLASS ID javasinherit LD classitems * RD
          declarevar ::= * INT|STRING declarevaritems ID SEMI
          function ::= * PUBLIC|PROTECTED|PRIVATE INT|STRING|VOID ID LP parameterlist RP functionbody
          classitems ::= classitems * declarevar
          classitems ::= classitems * function

                            RD shift-reduce 1      javaclass ::= javaclass CLASS ID javasinherit LD classitems RD
                           INT shift        12     
                        STRING shift        12     
                        PUBLIC shift        16     
                     PROTECTED shift        16     
                       PRIVATE shift        16     
                    declarevar shift-reduce 46     classitems ::= classitems declarevar
                      function shift-reduce 47     classitems ::= classitems function

State 4:
          callNoSemi ::= * ID DOT ID LP callparameterlist RP
          assign ::= leftval EQ * rightval SEMI
          rightval ::= * ID
          rightval ::= * THIS DOT ID
          rightval ::= * callNoSemi
          rightval ::= * NEW ID LP RP
          rightval ::= * INTEGER
          rightval ::= * TEXT

                            ID shift        33     
                          TEXT shift-reduce 39     rightval ::= TEXT
                       INTEGER shift-reduce 38     rightval ::= INTEGER
                          THIS shift        29     
                           NEW shift        27     
                    callNoSemi shift-reduce 36     rightval ::= callNoSemi
                      rightval shift        30     

State 5:
          callexpr ::= ID LP * callparameterlist RP SEMI
          callparameterlist ::= * callidist expr
     (11) callparameterlist ::= *
          callidist ::= * callidist INTEGER COMMA
          callidist ::= * callidist TEXT COMMA
          callidist ::= * callidist ID DOT ID COMMA
     (15) callidist ::= *

                            RP reduce       11     callparameterlist ::=
             callparameterlist shift        36     
                     callidist shift        7      
                     {default} reduce       15     callidist ::=

State 6:
          callNoSemi ::= ID DOT ID LP * callparameterlist RP
          callparameterlist ::= * callidist expr
     (11) callparameterlist ::= *
          callidist ::= * callidist INTEGER COMMA
          callidist ::= * callidist TEXT COMMA
          callidist ::= * callidist ID DOT ID COMMA
     (15) callidist ::= *

                            RP reduce       11     callparameterlist ::=
             callparameterlist shift        42     
                     callidist shift        7      
                     {default} reduce       15     callidist ::=

State 7:
          expr ::= * ID
          expr ::= * TEXT
          expr ::= * INTEGER
          expr ::= * ID DOT ID
          callparameterlist ::= callidist * expr
          callidist ::= callidist * INTEGER COMMA
          callidist ::= callidist * TEXT COMMA
          callidist ::= callidist * ID DOT ID COMMA

                            ID shift        41     
                          TEXT shift        38     
                       INTEGER shift        37     
                          expr shift-reduce 10     callparameterlist ::= callidist expr

State 8:
          function ::= PUBLIC|PROTECTED|PRIVATE INT|STRING|VOID ID LP parameterlist RP * functionbody
          functionbody ::= * LD funcbodyitems RD

                            LD shift        10     
                  functionbody shift-reduce 22     function ::= PUBLIC|PROTECTED|PRIVATE INT|STRING|VOID ID LP parameterlist RP functionbody

State 9:
          javaclass ::= javaclass CLASS ID * javasinherit LD classitems RD
          javasinherit ::= * EXTENDS ID
     (45) javasinherit ::= *

                       EXTENDS shift        20     
                  javasinherit shift        52     
                     {default} reduce       45     javasinherit ::=

State 10:
          functionbody ::= LD * funcbodyitems RD
          funcbodyitems ::= * funcbodyitems declarevar
          funcbodyitems ::= * funcbodyitems assign
          funcbodyitems ::= * funcbodyitems callexpr
          funcbodyitems ::= * funcbodyitems returnval
     (28) funcbodyitems ::= *

                 funcbodyitems shift        1      
                     {default} reduce       28     funcbodyitems ::=

State 11:
          function ::= PUBLIC|PROTECTED|PRIVATE INT|STRING|VOID ID LP * parameterlist RP functionbody
          parameterlist ::= * parameterlist INT|STRING|ID ID
     (43) parameterlist ::= *

                 parameterlist shift        14     
                     {default} reduce       43     parameterlist ::=

State 12:
          declarevar ::= INT|STRING * declarevaritems ID SEMI
          declarevaritems ::= * declarevaritems ID COMMA
          declarevaritems ::= * declarevaritems ID EQ INTEGER COMMA
          declarevaritems ::= * declarevaritems ID EQ ID COMMA
          declarevaritems ::= * declarevaritems ID EQ TEXT COMMA
     (21) declarevaritems ::= *

               declarevaritems shift        51     
                     {default} reduce       21     declarevaritems ::=

State 13:
          javaclass ::= javaclass CLASS ID javasinherit LD * classitems RD
          classitems ::= * classitems declarevar
          classitems ::= * classitems function
     (48) classitems ::= *

                    classitems shift        3      
                     {default} reduce       48     classitems ::=

State 14:
          function ::= PUBLIC|PROTECTED|PRIVATE INT|STRING|VOID ID LP parameterlist * RP functionbody
          parameterlist ::= parameterlist * INT|STRING|ID ID

                            ID shift        21     
                            RP shift        8      
                           INT shift        21     
                        STRING shift        21     

State 15:
          callNoSemi ::= ID * DOT ID LP callparameterlist RP
          callexpr ::= ID * LP callparameterlist RP SEMI
          leftval ::= ID * ID
     (32) leftval ::= ID *
          leftval ::= ID * DOT ID

                            ID shift-reduce 30     leftval ::= ID ID
                           DOT shift        44     
                            LP shift        5      
                     {default} reduce       32     leftval ::= ID

State 16:
          function ::= PUBLIC|PROTECTED|PRIVATE * INT|STRING|VOID ID LP parameterlist RP functionbody

                           INT shift        47     
                        STRING shift        47     
                          VOID shift        47     

State 17:
          declarevaritems ::= declarevaritems ID EQ * INTEGER COMMA
          declarevaritems ::= declarevaritems ID EQ * ID COMMA
          declarevaritems ::= declarevaritems ID EQ * TEXT COMMA

                            ID shift        49     
                          TEXT shift        48     
                       INTEGER shift        50     

State 18:
          declarevar ::= INT|STRING declarevaritems ID * SEMI
          declarevaritems ::= declarevaritems ID * COMMA
          declarevaritems ::= declarevaritems ID * EQ INTEGER COMMA
          declarevaritems ::= declarevaritems ID * EQ ID COMMA
          declarevaritems ::= declarevaritems ID * EQ TEXT COMMA

                          SEMI shift-reduce 16     declarevar ::= INT|STRING declarevaritems ID SEMI
                         COMMA shift-reduce 17     declarevaritems ::= declarevaritems ID COMMA
                            EQ shift        17     

State 19:
      (0) javabegin ::= javaclass *
          javaclass ::= javaclass * CLASS ID javasinherit LD classitems RD

                             $ reduce       0      javabegin ::= javaclass
                         CLASS shift        53     

State 20:
          javasinherit ::= EXTENDS * ID

                            ID shift-reduce 44     javasinherit ::= EXTENDS ID

State 21:
          parameterlist ::= parameterlist INT|STRING|ID * ID

                            ID shift-reduce 42     parameterlist ::= parameterlist INT|STRING|ID ID

State 22:
          returnval ::= RETURN rightval * SEMI

                          SEMI shift-reduce 40     returnval ::= RETURN rightval SEMI

State 23:
          leftval ::= THIS DOT * ID

                            ID shift-reduce 31     leftval ::= THIS DOT ID

State 24:
          leftval ::= THIS * DOT ID

                           DOT shift        23     

State 25:
          rightval ::= NEW ID LP * RP

                            RP shift-reduce 37     rightval ::= NEW ID LP RP

State 26:
          rightval ::= NEW ID * LP RP

                            LP shift        25     

State 27:
          rightval ::= NEW * ID LP RP

                            ID shift        26     

State 28:
          rightval ::= THIS DOT * ID

                            ID shift-reduce 35     rightval ::= THIS DOT ID

State 29:
          rightval ::= THIS * DOT ID

                           DOT shift        28     

State 30:
          assign ::= leftval EQ rightval * SEMI

                          SEMI shift-reduce 29     assign ::= leftval EQ rightval SEMI

State 31:
          callNoSemi ::= ID DOT ID * LP callparameterlist RP

                            LP shift        6      

State 32:
          callNoSemi ::= ID DOT * ID LP callparameterlist RP

                            ID shift        31     

State 33:
          callNoSemi ::= ID * DOT ID LP callparameterlist RP
     (34) rightval ::= ID *

                           DOT shift        32     
                     {default} reduce       34     rightval ::= ID

State 34:
          assign ::= leftval * EQ rightval SEMI

                            EQ shift        4      

State 35:
          callexpr ::= ID LP callparameterlist RP * SEMI

                          SEMI shift-reduce 9      callexpr ::= ID LP callparameterlist RP SEMI

State 36:
          callexpr ::= ID LP callparameterlist * RP SEMI

                            RP shift        35     

State 37:
      (5) expr ::= INTEGER *
          callidist ::= callidist INTEGER * COMMA

                         COMMA shift-reduce 12     callidist ::= callidist INTEGER COMMA
                     {default} reduce       5      expr ::= INTEGER

State 38:
      (4) expr ::= TEXT *
          callidist ::= callidist TEXT * COMMA

                         COMMA shift-reduce 13     callidist ::= callidist TEXT COMMA
                     {default} reduce       4      expr ::= TEXT

State 39:
      (6) expr ::= ID DOT ID *
          callidist ::= callidist ID DOT ID * COMMA

                         COMMA shift-reduce 14     callidist ::= callidist ID DOT ID COMMA
                     {default} reduce       6      expr ::= ID DOT ID

State 40:
          expr ::= ID DOT * ID
          callidist ::= callidist ID DOT * ID COMMA

                            ID shift        39     

State 41:
      (3) expr ::= ID *
          expr ::= ID * DOT ID
          callidist ::= callidist ID * DOT ID COMMA

                           DOT shift        40     
                     {default} reduce       3      expr ::= ID

State 42:
          callNoSemi ::= ID DOT ID LP callparameterlist * RP

                            RP shift-reduce 8      callNoSemi ::= ID DOT ID LP callparameterlist RP

State 43:
          callNoSemi ::= ID DOT ID * LP callparameterlist RP
     (33) leftval ::= ID DOT ID *

                            LP shift        6      
                     {default} reduce       33     leftval ::= ID DOT ID

State 44:
          callNoSemi ::= ID DOT * ID LP callparameterlist RP
          leftval ::= ID DOT * ID

                            ID shift        43     

State 45:
          callexpr ::= callNoSemi * SEMI

                          SEMI shift-reduce 7      callexpr ::= callNoSemi SEMI

State 46:
          function ::= PUBLIC|PROTECTED|PRIVATE INT|STRING|VOID ID * LP parameterlist RP functionbody

                            LP shift        11     

State 47:
          function ::= PUBLIC|PROTECTED|PRIVATE INT|STRING|VOID * ID LP parameterlist RP functionbody

                            ID shift        46     

State 48:
          declarevaritems ::= declarevaritems ID EQ TEXT * COMMA

                         COMMA shift-reduce 20     declarevaritems ::= declarevaritems ID EQ TEXT COMMA

State 49:
          declarevaritems ::= declarevaritems ID EQ ID * COMMA

                         COMMA shift-reduce 19     declarevaritems ::= declarevaritems ID EQ ID COMMA

State 50:
          declarevaritems ::= declarevaritems ID EQ INTEGER * COMMA

                         COMMA shift-reduce 18     declarevaritems ::= declarevaritems ID EQ INTEGER COMMA

State 51:
          declarevar ::= INT|STRING declarevaritems * ID SEMI
          declarevaritems ::= declarevaritems * ID COMMA
          declarevaritems ::= declarevaritems * ID EQ INTEGER COMMA
          declarevaritems ::= declarevaritems * ID EQ ID COMMA
          declarevaritems ::= declarevaritems * ID EQ TEXT COMMA

                            ID shift        18     

State 52:
          javaclass ::= javaclass CLASS ID javasinherit * LD classitems RD

                            LD shift        13     

State 53:
          javaclass ::= javaclass CLASS * ID javasinherit LD classitems RD

                            ID shift        9      

----------------------------------------------------
Symbols:
    0: $:
    1: CLASS
    2: ID
    3: LD
    4: RD
    5: TEXT
    6: INTEGER
    7: DOT
    8: SEMI
    9: LP
   10: RP
   11: COMMA
   12: INT
   13: STRING
   14: EQ
   15: PUBLIC
   16: PROTECTED
   17: PRIVATE
   18: VOID
   19: THIS
   20: NEW
   21: RETURN
   22: EXTENDS
   23: error:
   24: javabegin: <lambda> CLASS
   25: javaclass: <lambda> CLASS
   26: javasinherit: <lambda> EXTENDS
   27: classitems: <lambda> INT STRING PUBLIC PROTECTED PRIVATE
   28: expr: ID TEXT INTEGER
   29: callexpr: ID
   30: callNoSemi: ID
   31: callparameterlist: <lambda> ID TEXT INTEGER
   32: callidist: <lambda> ID TEXT INTEGER
   33: declarevar: INT STRING
   34: declarevaritems: <lambda> ID
   35: function: PUBLIC PROTECTED PRIVATE
   36: parameterlist: <lambda> ID INT STRING
   37: functionbody: LD
   38: funcbodyitems: <lambda> ID INT STRING THIS RETURN
   39: assign: ID THIS
   40: returnval: RETURN
   41: leftval: ID THIS
   42: rightval: ID TEXT INTEGER THIS NEW
